<?xml version="1.0" encoding="UTF-8"?>
<!-- Generated by org.testng.reporters.JUnitReportReporter -->
<testsuite skipped="0" hostname="Varun" name="credit.SampleJavaIT" tests="2" failures="0" timestamp="10 Apr 2018 04:06:00 GMT" time="0.263" errors="0">
  <testcase name="echoToday" time="0.142" classname="credit.SampleJavaIT"/>
  <testcase name="sayHello" time="0.121" classname="credit.SampleJavaIT"/>
</testsuite> <!-- credit.SampleJavaIT -->
