<?xml version="1.0" encoding="UTF-8"?>
<!-- Generated by org.testng.reporters.JUnitReportReporter -->
<testsuite skipped="0" hostname="Varun" name="credit.SampleXmlIT" tests="1" failures="0" timestamp="10 Apr 2018 04:06:00 GMT" time="0.658" errors="0">
  <testcase name="sampleXml" time="0.658" classname="credit.SampleXmlIT"/>
</testsuite> <!-- credit.SampleXmlIT -->
